make --dry-run --keep-going --print-directory
make: Entering directory `/Users/jo/Save/Workspace/42/push_swap2'
cc -c -Wall -Wextra -Werror  -o create_empty_stack.o srcs/create_empty_stack.c -I./includes -I./libft
 
cc -c -Wall -Wextra -Werror  -o free_strs.o srcs/free_strs.c -I./includes -I./libft
cc -c -Wall -Wextra -Werror  -o is_int.o srcs/is_int.c -I./includes -I./libft
cc -c -Wall -Wextra -Werror  -o push_swap.o srcs/push_swap.c -I./includes -I./libft
cc -c -Wall -Wextra -Werror  -o push.o srcs/push.c -I./includes -I./libft
cc -c -Wall -Wextra -Werror  -o rotate.o srcs/rotate.c -I./includes -I./libft
cc -c -Wall -Wextra -Werror  -o shift.o srcs/shift.c -I./includes -I./libft
cc -c -Wall -Wextra -Werror  -o smart_rotate.o srcs/smart_rotate.c -I./includes -I./libft
cc -c -Wall -Wextra -Werror  -o sort_ints.o srcs/sort_ints.c -I./includes -I./libft
 
cc -c -Wall -Wextra -Werror  -o sort.o srcs/sort.c -I./includes -I./libft
cc -c -Wall -Wextra -Werror  -o strs_to_ints.o srcs/strs_to_ints.c -I./includes -I./libft
cc -c -Wall -Wextra -Werror  -o swap.o srcs/swap.c -I./includes -I./libft
/Library/Developer/CommandLineTools/usr/bin/make -C ./libft
 
make[1]: Entering directory `/Users/jo/Save/Workspace/42/push_swap2/libft'
make[1]: Nothing to be done for `all'.
make[1]: Leaving directory `/Users/jo/Save/Workspace/42/push_swap2/libft'
 
cc -Wall -Wextra -Werror  -o push_swap  ./copy_strs.o  ./count_arr.o  ./create_empty_stack.o  ./free_strs.o  ./is_int.o  ./push_swap.o  ./push.o  ./rotate.o  ./shift.o  ./smart_rotate.o  ./sort_ints.o  ./sort.o  ./strs_to_ints.o  ./swap.o ./libft/libft.a
make: Leaving directory `/Users/jo/Save/Workspace/42/push_swap2'
 
