make all --print-data-base --no-builtin-variables --no-builtin-rules --question
# GNU Make 3.81
# Copyright (C) 2006  Free Software Foundation, Inc.
# This is free software; see the source for copying conditions.
# There is NO warranty; not even for MERCHANTABILITY or FITNESS FOR A
# PARTICULAR PURPOSE.

# This program built for i386-apple-darwin11.3.0
 

# Make data base, printed on Thu Jun 23 12:01:24 2022

# Variables

# automatic
<D = $(patsubst %/,%,$(dir $<))
# automatic
?F = $(notdir $?)
# environment
VSCODE_LOG_NATIVE = false
# makefile (from `Makefile', line 2)
TARGET = push_swap
# automatic
?D = $(patsubst %/,%,$(dir $?))
# makefile (from `Makefile', line 7)
INCLUDES = $(addprefix -I,$(INCLUDES_DIRS))
# automatic
@D = $(patsubst %/,%,$(dir $@))
# automatic
@F = $(notdir $@)
# makefile
CURDIR := /Users/jleroux/Workspace/push_swap
# makefile
SHELL = /bin/sh
# environment
VSCODE_NLS_CONFIG = {"locale":"en-us","availableLanguages":{},"_languagePackSupport":true}
# environment
_ = /usr/bin/make
# makefile (from `Makefile', line 1)
CFLAGS = -Wall -Wextra -Werror 
# makefile (from `Makefile', line 1)
MAKEFILE_LIST :=  Makefile
# makefile (from `Makefile', line 31)
SRCS = $(patsubst %, $(SRCS_DIR)/%, $(_SRCS))
# environment
VSCODE_VERBOSE_LOGGING = true
# makefile (from `Makefile', line 30)
OBJS = $(patsubst %.c, $(OBJS_DIR)/%.o, $(_SRCS))
# environment
VSCODE_IPC_HOOK_EXTHOST = /var/folders/zz/zyxvpxvq6csfxvn_n000cb0w0032r7/T/vscode-ipc-acb057bd-c9c6-4f4b-bb7c-f66c43c91bd4.sock
# environment
VSCODE_CWD = /
# environment
PATH = /Users/jleroux/.brew/bin:/usr/local/bin:/usr/bin:/bin:/usr/sbin:/sbin:/usr/local/munki
# makefile (from `Makefile', line 9)
_SRCS = bubble_sort.c copy_stack.c copy_strs.c count_arr.c create_empty_stack.c free_stack.c free_strs.c get_smallest.c is_int.c is_sorted.c push_swap.c push.c rotate.c shift.c smart_rotate.c sort.c strs_to_ints.c swap.c 
# makefile (from `Makefile', line 3)
SRCS_DIR = ./srcs
# environment
VSCODE_LOG_STACK = false
# environment
ELECTRON_RUN_AS_NODE = 1
# default
.FEATURES := target-specific order-only second-expansion else-if archives jobserver check-symlink
# makefile (from `Makefile', line 5)
LIBFT_DIR = ./libft
# environment
SSH_AUTH_SOCK = /private/tmp/com.apple.launchd.WXgLtiwcwh/Listeners
# automatic
%F = $(notdir $%)
# environment
HOMEBREW_TEMP = /tmp/jleroux/Homebrew/Temp
# environment
VSCODE_PIPE_LOGGING = true
# environment
PWD = /Users/jleroux/Workspace/push_swap
# makefile (from `Makefile', line 28)
OBJS_BONUS = $(patsubst %.c, $(OBJS_DIR)/%.o, $(_SRCS_BONUS))
# environment
ORIGINAL_XDG_CURRENT_DESKTOP = undefined
# makefile (from `Makefile', line 6)
INCLUDES_DIRS = ./includes $(LIBFT_DIR)
# environment
VSCODE_AMD_ENTRYPOINT = vs/workbench/api/node/extensionHostProcess
# environment
HOME = /Users/jleroux
# default
MAKEFILEPATH := /Applications/Xcode.app/Contents/Developer/Makefiles
# environment
VSCODE_CODE_CACHE_PATH = /Users/jleroux/Library/Application Support/Code/CachedData/c3511e6c69bb39013c4a4b7b9566ec1ca73fc4d5
# environment
LOGNAME = jleroux
# environment
APPLICATION_INSIGHTS_NO_DIAGNOSTIC_CHANNEL = 1
# environment
VSCODE_HANDLES_UNCAUGHT_ERRORS = true
# automatic
^D = $(patsubst %/,%,$(dir $^))
# environment
XPC_FLAGS = 0x0
# default
MAKE = $(MAKE_COMMAND)
# default
MAKECMDGOALS := all
# environment
HOMEBREW_CACHE = /tmp/jleroux/Homebrew/Caches
# environment
SHLVL = 1
# default
MAKE_VERSION := 3.81
# environment
USER = jleroux
# makefile
.DEFAULT_GOAL := all
# automatic
%D = $(patsubst %/,%,$(dir $%))
# default
MAKE_COMMAND := /Applications/Xcode.app/Contents/Developer/usr/bin/make
# default
.VARIABLES := 
# environment
TMPDIR = /var/folders/zz/zyxvpxvq6csfxvn_n000cb0w0032r7/T/
# automatic
*F = $(notdir $*)
# environment
VSCODE_IPC_HOOK = /Users/jleroux/Library/Application Support/Code/1.67.2-main.sock
# makefile
MAKEFLAGS = Rrqp
# environment
MFLAGS = -Rrqp
# automatic
*D = $(patsubst %/,%,$(dir $*))
# environment
XPC_SERVICE_NAME = com.microsoft.VSCode.2144
# makefile (from `Makefile', line 4)
OBJS_DIR = .
# automatic
+D = $(patsubst %/,%,$(dir $+))
# automatic
+F = $(notdir $+)
# environment
__CF_USER_TEXT_ENCODING = 0x18B07:0x0:0x0
# default
MAKEFILES := 
# automatic
<F = $(notdir $<)
# environment
LC_ALL = C
# makefile (from `Makefile', line 8)
LIBS = $(LIBFT_DIR)/libft.a
# automatic
^F = $(notdir $^)
# default
SUFFIXES := 
# default
.INCLUDE_DIRS = /usr/local/include
# environment
MAKELEVEL := 0
# environment
LANG = C
# environment
VSCODE_PID = 83485
# variable set hash-table stats:
# Load=74/1024=7%, Rehash=0, Collisions=5/110=5%

# Pattern-specific Variable Values

# No pattern-specific variable values.

# Directories

# . (device 16777225, inode 833181): 24 files, no impossibilities.
# ./srcs (device 16777225, inode 840599): 19 files, 1 impossibilities.
# srcs (device 16777225, inode 840599): 19 files, 1 impossibilities.

# 62 files, 2 impossibilities in 3 directories.

# Implicit Rules

%.o: ./srcs/%.c | .
#  commands to execute (from `Makefile', line 51):
	$(CC) -c $(CFLAGS) -o $@ $^ $(INCLUDES)
	

# 1 implicit rules, 0 (0.0%) terminal.

# Files

# Not a target:
shift.o:
#  Implicit rule search has not been done.
#  Modification time never checked.
#  File has not been updated.

.:
#  Implicit rule search has not been done.
#  Last modified 2022-06-23 12:01:16
#  File has been updated.
#  Successfully updated.
#  commands to execute (from `Makefile', line 48):
	@mkdir -p $@
	

# Not a target:
is_sorted.o:
#  Implicit rule search has not been done.
#  Modification time never checked.
#  File has not been updated.

# Not a target:
copy_strs.o:
#  Implicit rule search has not been done.
#  Modification time never checked.
#  File has not been updated.

all: push_swap
#  Phony target (prerequisite of .PHONY).
#  Command-line target.
#  Implicit rule search has not been done.
#  File does not exist.
#  File has not been updated.
# variable set hash-table stats:
# Load=0/32=0%, Rehash=0, Collisions=0/0=0%

# Not a target:
free_strs.o:
#  Implicit rule search has not been done.
#  Modification time never checked.
#  File has not been updated.

.PHONY: all clean fclean re bonus test norminette
#  Implicit rule search has not been done.
#  Modification time never checked.
#  File has not been updated.

# Not a target:
is_int.o:
#  Implicit rule search has not been done.
#  Modification time never checked.
#  File has not been updated.

# Not a target:
rotate.o:
#  Implicit rule search has not been done.
#  Modification time never checked.
#  File has not been updated.

# Not a target:
.SUFFIXES:
#  Implicit rule search has not been done.
#  Modification time never checked.
#  File has not been updated.

# Not a target:
push.o:
#  Implicit rule search has not been done.
#  Modification time never checked.
#  File has not been updated.

# Not a target:
Makefile:
#  Implicit rule search has been done.
#  Last modified 2022-06-23 12:01:15
#  File has been updated.
#  Successfully updated.
# variable set hash-table stats:
# Load=0/32=0%, Rehash=0, Collisions=0/0=0%

# Not a target:
count_arr.o:
#  Implicit rule search has not been done.
#  Modification time never checked.
#  File has not been updated.

# Not a target:
sort.o:
#  Implicit rule search has not been done.
#  Modification time never checked.
#  File has not been updated.

test: push_swap
#  Phony target (prerequisite of .PHONY).
#  Implicit rule search has not been done.
#  File does not exist.
#  File has not been updated.
#  commands to execute (from `Makefile', line 61):
	./$(TARGET) 4 3 2 1 | ./checker_Mac
	

bubble_sort.o: srcs/bubble_sort.c | .
#  Implicit rule search has been done.
#  Implicit/static pattern stem: `bubble_sort'
#  Last modified 2022-06-23 11:57:02
#  File has been updated.
#  Successfully updated.
# variable set hash-table stats:
# Load=0/32=0%, Rehash=0, Collisions=0/0=0%
#  commands to execute (from `Makefile', line 51):
	$(CC) -c $(CFLAGS) -o $@ $^ $(INCLUDES)
	

libft/libft.a:
#  Implicit rule search has not been done.
#  Last modified 2022-06-23 11:12:41
#  File has been updated.
#  Successfully updated.
#  commands to execute (from `Makefile', line 58):
	$(MAKE) -C $(LIBFT_DIR)
	

bonus:
#  Phony target (prerequisite of .PHONY).
#  Implicit rule search has not been done.
#  File does not exist.
#  File has not been updated.

fclean: clean
#  Phony target (prerequisite of .PHONY).
#  Implicit rule search has not been done.
#  File does not exist.
#  File has not been updated.
#  commands to execute (from `Makefile', line 42):
 
make: *** No rule to make target `copy_stack.o', needed by `push_swap'.  Stop.

	$(MAKE) -C $(LIBFT_DIR) fclean
	rm -f $(TARGET)
	

norminette:
#  Phony target (prerequisite of .PHONY).
#  Implicit rule search has not been done.
#  File does not exist.
#  File has not been updated.
#  commands to execute (from `Makefile', line 64):
	-norminette $(SRCS) ft_printf.h
	-norminette $(LIBFT_DIR)
	

# Not a target:
.DEFAULT:
#  Implicit rule search has not been done.
#  Modification time never checked.
#  File has not been updated.

re: fclean all
#  Phony target (prerequisite of .PHONY).
#  Implicit rule search has not been done.
#  File does not exist.
#  File has not been updated.

clean:
#  Phony target (prerequisite of .PHONY).
#  Implicit rule search has not been done.
#  File does not exist.
#  File has not been updated.
#  commands to execute (from `Makefile', line 38):
	$(MAKE) -C $(LIBFT_DIR) clean
	rm -f $(OBJS) $(OBJS_BONUS)
	

# Not a target:
push_swap.o:
#  Implicit rule search has not been done.
#  Modification time never checked.
#  File has not been updated.

push_swap: libft/libft.a bubble_sort.o copy_stack.o copy_strs.o count_arr.o create_empty_stack.o free_stack.o free_strs.o get_smallest.o is_int.o is_sorted.o push_swap.o push.o rotate.o shift.o smart_rotate.o sort.o strs_to_ints.o swap.o
#  Implicit rule search has not been done.
#  File does not exist.
#  File has not been updated.
# variable set hash-table stats:
# Load=0/32=0%, Rehash=0, Collisions=0/0=0%
#  commands to execute (from `Makefile', line 54):
	$(MAKE) -C $(LIBFT_DIR)
	$(CC) $(CFLAGS) -o $(TARGET) $(OBJS) $(LIBS)
	

# Not a target:
copy_stack.o:
#  Implicit rule search has been done.
#  File does not exist.
#  File has not been updated.
# variable set hash-table stats:
# Load=0/32=0%, Rehash=0, Collisions=0/0=0%

# Not a target:
create_empty_stack.o:
#  Implicit rule search has not been done.
#  Modification time never checked.
#  File has not been updated.

# Not a target:
free_stack.o:
#  Implicit rule search has not been done.
#  Modification time never checked.
#  File has not been updated.

# Not a target:
swap.o:
#  Implicit rule search has not been done.
#  Modification time never checked.
#  File has not been updated.

# Not a target:
get_smallest.o:
#  Implicit rule search has not been done.
#  Modification time never checked.
#  File has not been updated.

# Not a target:
strs_to_ints.o:
#  Implicit rule search has not been done.
#  Modification time never checked.
#  File has not been updated.

# Not a target:
smart_rotate.o:
#  Implicit rule search has not been done.
#  Modification time never checked.
#  File has not been updated.

# Not a target:
srcs/bubble_sort.c:
#  Implicit rule search has been done.
#  Last modified 2022-06-23 11:56:59
#  File has been updated.
#  Successfully updated.
# variable set hash-table stats:
# Load=0/32=0%, Rehash=0, Collisions=0/0=0%

# files hash-table stats:
# Load=33/1024=3%, Rehash=0, Collisions=1/84=1%
# VPATH Search Paths

# No `vpath' search paths.

# No general (`VPATH' variable) search path.

# # of strings in strcache: 1
# # of strcache buffers: 1
# strcache size: total = 4096 / max = 4096 / min = 4096 / avg = 4096
# strcache free: total = 4087 / max = 4087 / min = 4087 / avg = 4087

# Finished Make data base on Thu Jun 23 12:01:24 2022

 
